<?xml version="1.0" encoding="UTF-8"?>
<testsuite name="use_cases.login.LoginSuccessManagerTest" tests="1" skipped="0" failures="0" errors="0" timestamp="2022-12-09T04:15:48" hostname="GAM1NGMACH1N3" time="0.0">
  <properties/>
  <testcase name="checkLogin()" classname="use_cases.login.LoginSuccessManagerTest" time="0.0"/>
  <system-out><![CDATA[]]></system-out>
  <system-err><![CDATA[]]></system-err>
</testsuite>
