<?xml version="1.0" encoding="UTF-8"?>
<testsuite name="use_cases.export_inventory.ExportInventoryTest" tests="1" skipped="0" failures="0" errors="0" timestamp="2022-12-09T03:42:22" hostname="GAM1NGMACH1N3" time="0.009">
  <properties/>
  <testcase name="create()" classname="use_cases.export_inventory.ExportInventoryTest" time="0.009"/>
  <system-out><![CDATA[]]></system-out>
  <system-err><![CDATA[]]></system-err>
</testsuite>
