<?xml version="1.0" encoding="UTF-8"?>
<testsuite name="use_cases.change_history_use_case.TestARRChangeHistory" tests="1" skipped="0" failures="0" errors="0" timestamp="2022-12-09T03:42:22" hostname="GAM1NGMACH1N3" time="0.006">
  <properties/>
  <testcase name="create()" classname="use_cases.change_history_use_case.TestARRChangeHistory" time="0.006"/>
  <system-out><![CDATA[start
finish
]]></system-out>
  <system-err><![CDATA[]]></system-err>
</testsuite>
