<?xml version="1.0" encoding="UTF-8"?>
<testsuite name="gatewaywriter.GatewayWriterMultipleLineTest" tests="1" skipped="0" failures="0" errors="0" timestamp="2022-12-08T19:32:26" hostname="GAM1NGMACH1N3" time="0.002">
  <properties/>
  <testcase name="getData()" classname="gatewaywriter.GatewayWriterMultipleLineTest" time="0.002"/>
  <system-out><![CDATA[]]></system-out>
  <system-err><![CDATA[]]></system-err>
</testsuite>
