<?xml version="1.0" encoding="UTF-8"?>
<testsuite name="interface_adaptors.show_history.TestShowHistoryFileDataAccess" tests="1" skipped="0" failures="0" errors="0" timestamp="2022-12-09T03:42:22" hostname="GAM1NGMACH1N3" time="0.006">
  <properties/>
  <testcase name="create()" classname="interface_adaptors.show_history.TestShowHistoryFileDataAccess" time="0.006"/>
  <system-out><![CDATA[]]></system-out>
  <system-err><![CDATA[]]></system-err>
</testsuite>
