<?xml version="1.0" encoding="UTF-8"?>
<testsuite name="use_cases.search_sort_use_case.TestSearch" tests="2" skipped="0" failures="0" errors="0" timestamp="2022-12-09T03:42:22" hostname="GAM1NGMACH1N3" time="0.002">
  <properties/>
  <testcase name="searchedItemNotFound()" classname="use_cases.search_sort_use_case.TestSearch" time="0.001"/>
  <testcase name="searchedItemFound()" classname="use_cases.search_sort_use_case.TestSearch" time="0.001"/>
  <system-out><![CDATA[]]></system-out>
  <system-err><![CDATA[]]></system-err>
</testsuite>
