<?xml version="1.0" encoding="UTF-8"?>
<testsuite name="gatewayreader.GatewayReaderMultipleLineTest" tests="1" skipped="0" failures="0" errors="0" timestamp="2022-12-09T04:15:47" hostname="GAM1NGMACH1N3" time="0.001">
  <properties/>
  <testcase name="getData()" classname="gatewayreader.GatewayReaderMultipleLineTest" time="0.001"/>
  <system-out><![CDATA[]]></system-out>
  <system-err><![CDATA[]]></system-err>
</testsuite>
