<?xml version="1.0" encoding="UTF-8"?>
<testsuite name="use_cases.import_inventory.ImportInventoryMultipleItemTest" tests="1" skipped="0" failures="0" errors="0" timestamp="2022-12-09T04:15:47" hostname="GAM1NGMACH1N3" time="0.016">
  <properties/>
  <testcase name="create()" classname="use_cases.import_inventory.ImportInventoryMultipleItemTest" time="0.016"/>
  <system-out><![CDATA[]]></system-out>
  <system-err><![CDATA[]]></system-err>
</testsuite>
