<?xml version="1.0" encoding="UTF-8"?>
<testsuite name="use_cases.change_history_use_case.TestChangeHistory" tests="1" skipped="0" failures="0" errors="0" timestamp="2022-12-05T07:00:39" hostname="DESKTOP-AFRO5EQ" time="0.029">
  <properties/>
  <testcase name="create()" classname="use_cases.change_history_use_case.TestChangeHistory" time="0.029"/>
  <system-out><![CDATA[start
finish
]]></system-out>
  <system-err><![CDATA[]]></system-err>
</testsuite>
