<?xml version="1.0" encoding="UTF-8"?>
<testsuite name="use_cases.change_history_use_case.TestUpdatePriceChangeHistory" tests="1" skipped="0" failures="0" errors="0" timestamp="2022-12-09T04:15:48" hostname="GAM1NGMACH1N3" time="0.004">
  <properties/>
  <testcase name="create()" classname="use_cases.change_history_use_case.TestUpdatePriceChangeHistory" time="0.004"/>
  <system-out><![CDATA[start
finish
]]></system-out>
  <system-err><![CDATA[]]></system-err>
</testsuite>
