<?xml version="1.0" encoding="UTF-8"?>
<testsuite name="use_cases.sales_reporter_use_case.TestSalesReporterInputData" tests="1" skipped="0" failures="0" errors="0" timestamp="2022-12-06T03:56:08" hostname="DESKTOP-C3CJVTT" time="0.044">
  <properties/>
  <testcase name="stringToDateTimeTest()" classname="use_cases.sales_reporter_use_case.TestSalesReporterInputData" time="0.044"/>
  <system-out><![CDATA[]]></system-out>
  <system-err><![CDATA[]]></system-err>
</testsuite>
