<?xml version="1.0" encoding="UTF-8"?>
<testsuite name="use_cases.add.AddInteractorFailNegIntTest" tests="1" skipped="0" failures="0" errors="0" timestamp="2022-12-09T03:42:22" hostname="GAM1NGMACH1N3" time="0.001">
  <properties/>
  <testcase name="addItem()" classname="use_cases.add.AddInteractorFailNegIntTest" time="0.001"/>
  <system-out><![CDATA[]]></system-out>
  <system-err><![CDATA[]]></system-err>
</testsuite>
