<?xml version="1.0" encoding="UTF-8"?>
<testsuite name="tutorial.HelloWorldTest" tests="4" skipped="0" failures="0" errors="0" timestamp="2022-10-31T22:38:59" hostname="WONDER" time="0.079">
  <properties/>
  <testcase name="HelloWorldFiveNumbers()" classname="tutorial.HelloWorldTest" time="0.065"/>
  <testcase name="HelloWorldNormalNumbers()" classname="tutorial.HelloWorldTest" time="0.002"/>
  <testcase name="HelloWorldThreeAndFiveNumbers()" classname="tutorial.HelloWorldTest" time="0.003"/>
  <testcase name="HelloWorldThreeNumbers()" classname="tutorial.HelloWorldTest" time="0.002"/>
  <system-out><![CDATA[]]></system-out>
  <system-err><![CDATA[]]></system-err>
</testsuite>
