<?xml version="1.0" encoding="UTF-8"?>
<testsuite name="use_cases.update_price.UpdatePriceInteractorSuccessfulTest" tests="1" skipped="0" failures="0" errors="0" timestamp="2022-12-09T04:15:48" hostname="GAM1NGMACH1N3" time="0.001">
  <properties/>
  <testcase name="updateItem()" classname="use_cases.update_price.UpdatePriceInteractorSuccessfulTest" time="0.001"/>
  <system-out><![CDATA[start
finish
]]></system-out>
  <system-err><![CDATA[]]></system-err>
</testsuite>
