<?xml version="1.0" encoding="UTF-8"?>
<testsuite name="use_cases.search_sort_use_case.TestSort" tests="1" skipped="0" failures="0" errors="0" timestamp="2022-12-08T19:32:26" hostname="GAM1NGMACH1N3" time="0.001">
  <properties/>
  <testcase name="sortItemFound()" classname="use_cases.search_sort_use_case.TestSort" time="0.001"/>
  <system-out><![CDATA[]]></system-out>
  <system-err><![CDATA[]]></system-err>
</testsuite>
